<?xml version="1.0" encoding="UTF-8"?>
<testng-results ignored="0" total="2" passed="2" failed="0" skipped="0">
  <reporter-output>
  </reporter-output>
  <suite started-at="2024-10-10T04:09:20 UTC" name="Default suite" finished-at="2024-10-10T04:09:28 UTC" duration-ms="8430">
    <groups>
    </groups>
    <test started-at="2024-10-10T04:09:20 UTC" name="Default test" finished-at="2024-10-10T04:09:28 UTC" duration-ms="8430">
      <class name="Assignment_NOTES_UI.Bas_Class">
        <test-method signature="login_to_app()[pri:0, instance:Assignment_NOTES_UI.Bas_Class@639c2c1d]" started-at="2024-10-10T04:09:20 UTC" name="login_to_app" finished-at="2024-10-10T04:09:28 UTC" duration-ms="8180" status="PASS">
          <reporter-output>
          </reporter-output>
        </test-method> <!-- login_to_app -->
        <test-method signature="delete()[pri:2, instance:Assignment_NOTES_UI.Bas_Class@639c2c1d]" started-at="2024-10-10T04:09:28 UTC" name="delete" finished-at="2024-10-10T04:09:28 UTC" duration-ms="54" status="PASS">
          <reporter-output>
          </reporter-output>
        </test-method> <!-- delete -->
        <test-method is-config="true" signature="post_condition()[pri:0, instance:Assignment_NOTES_UI.Bas_Class@639c2c1d]" started-at="2024-10-10T04:09:28 UTC" name="post_condition" finished-at="2024-10-10T04:09:28 UTC" duration-ms="143" status="PASS">
          <reporter-output>
          </reporter-output>
        </test-method> <!-- post_condition -->
      </class> <!-- Assignment_NOTES_UI.Bas_Class -->
    </test> <!-- Default test -->
  </suite> <!-- Default suite -->
</testng-results>
