<?xml version="1.0" encoding="UTF-8"?>
<!-- Generated by org.testng.reporters.JUnitXMLReporter -->
<testsuite ignored="0" hostname="EC2AMAZ-8KL45D2" failures="0" tests="5" name="ChromeTest" time="8.091" errors="0" timestamp="2024-09-25T04:35:42 UTC">
  <testcase classname="com.WebOrder.weborderCrossBrowser_DataProvider" name="login_to_app" time="3.612"/>
  <testcase classname="com.WebOrder.weborderCrossBrowser_DataProvider" name="login_to_app" time="0.836"/>
  <testcase classname="com.WebOrder.weborderCrossBrowser_DataProvider" name="login_to_app" time="0.488"/>
  <testcase classname="com.WebOrder.weborderCrossBrowser_DataProvider" name="login_to_app" time="0.4"/>
  <testcase classname="com.WebOrder.weborderCrossBrowser_DataProvider" name="login_to_app" time="0.405"/>
</testsuite> <!-- ChromeTest -->
