<?xml version="1.0" encoding="UTF-8"?>
<!-- Generated by org.testng.reporters.JUnitXMLReporter -->
<testsuite ignored="0" hostname="EC2AMAZ-8KL45D2" failures="0" tests="5" name="EdgeTest" time="8.855" errors="0" timestamp="2024-09-25T04:35:43 UTC">
  <testcase classname="com.WebOrder.weborderCrossBrowser_DataProvider" name="login_to_app" time="2.821"/>
  <testcase classname="com.WebOrder.weborderCrossBrowser_DataProvider" name="login_to_app" time="0.403"/>
  <testcase classname="com.WebOrder.weborderCrossBrowser_DataProvider" name="login_to_app" time="0.439"/>
  <testcase classname="com.WebOrder.weborderCrossBrowser_DataProvider" name="login_to_app" time="0.377"/>
  <testcase classname="com.WebOrder.weborderCrossBrowser_DataProvider" name="login_to_app" time="0.449"/>
</testsuite> <!-- EdgeTest -->
