<?xml version="1.0" encoding="UTF-8"?>
<!-- Generated by org.testng.reporters.JUnitXMLReporter -->
<testsuite ignored="0" hostname="EC2AMAZ-8KL45D2" failures="0" tests="5" name="FirefoxTest" time="8.351" errors="0" timestamp="2024-09-25T04:35:42 UTC">
  <testcase classname="com.WebOrder.weborderCrossBrowser_DataProvider" name="login_to_app" time="2.427"/>
  <testcase classname="com.WebOrder.weborderCrossBrowser_DataProvider" name="login_to_app" time="0.16"/>
  <testcase classname="com.WebOrder.weborderCrossBrowser_DataProvider" name="login_to_app" time="0.172"/>
  <testcase classname="com.WebOrder.weborderCrossBrowser_DataProvider" name="login_to_app" time="0.126"/>
  <testcase classname="com.WebOrder.weborderCrossBrowser_DataProvider" name="login_to_app" time="0.124"/>
</testsuite> <!-- FirefoxTest -->
